00:10:25.396 INFO [GridLauncherV3.parse] - Selenium server version: 3.141.59, revision: e82be7d358
00:10:25.441 INFO [GridLauncherV3.lambda$buildLaunchers$3] - Launching a standalone Selenium Server on port 4444
2019-11-25 00:10:25.475:INFO::main: Logging initialized @210ms to org.seleniumhq.jetty9.util.log.StdErrLog
00:10:25.620 INFO [WebDriverServlet.<init>] - Initialising WebDriverServlet
00:10:25.678 INFO [SeleniumServer.boot] - Selenium Server is up and running on port 4444
00:10:25.875 INFO [ActiveSessionFactory.apply] - Capabilities are: {
  "acceptSslCerts": true,
  "browserName": "chrome",
  "chromeOptions": {
    "w3c": false
  },
  "name": "Em Proj"
}
00:10:25.877 INFO [ActiveSessionFactory.lambda$apply$11] - Matched factory org.openqa.selenium.grid.session.remote.ServicedSession$Factory (provider: org.openqa.selenium.chrome.ChromeDriverService)
Starting ChromeDriver 78.0.3904.70 (edb9c9f3de0247fd912a77b7f6cae7447f6d3ad5-refs/branch-heads/3904@{#800}) on port 34133
Only local connections are allowed.
Please protect ports used by ChromeDriver and related test frameworks to prevent access by malicious code.
00:10:26.899 INFO [ProtocolHandshake.createSession] - Detected dialect: OSS
00:10:27.166 INFO [RemoteSession$Factory.lambda$performHandshake$0] - Started new session e4d9195e7222b53d26637880779c9f90 (org.openqa.selenium.chrome.ChromeDriverService)
00:10:45.657 INFO [ActiveSessions$1.onStop] - Removing session e4d9195e7222b53d26637880779c9f90 (org.openqa.selenium.chrome.ChromeDriverService)
